mode: set
github.com/Type-5/elematic/elematic.go:20.50,21.32 1 1
github.com/Type-5/elematic/elematic.go:21.32,23.3 1 1
github.com/Type-5/elematic/elematic.go:27.75,30.33 3 1
github.com/Type-5/elematic/elematic.go:30.33,32.3 1 1
github.com/Type-5/elematic/elematic.go:33.2,33.10 1 1
github.com/Type-5/elematic/elematic.go:37.38,39.2 1 1
github.com/Type-5/elematic/elematic.go:42.36,46.2 3 1
github.com/Type-5/elematic/elematic.go:53.44,55.33 2 1
github.com/Type-5/elematic/elematic.go:55.33,57.3 1 1
github.com/Type-5/elematic/elematic.go:58.2,58.19 1 1
github.com/Type-5/elematic/elematic.go:62.24,64.2 1 1
github.com/Type-5/elematic/elematic.go:68.40,70.2 1 1
github.com/Type-5/elematic/elematic.go:73.50,74.15 1 1
github.com/Type-5/elematic/elematic.go:74.15,76.3 1 1
github.com/Type-5/elematic/elematic.go:77.2,77.17 1 1
github.com/Type-5/elematic/elematic.go:81.57,83.29 2 1
github.com/Type-5/elematic/elematic.go:83.29,85.3 1 1
github.com/Type-5/elematic/elematic.go:86.2,86.17 1 1
github.com/Type-5/elematic/elematic.go:90.32,92.2 1 1
github.com/Type-5/elematic/elements.go:4.55,6.2 1 0
github.com/Type-5/elematic/elements.go:9.58,11.2 1 0
github.com/Type-5/elematic/elements.go:14.61,16.2 1 0
github.com/Type-5/elematic/elements.go:19.37,21.2 1 0
github.com/Type-5/elematic/elements.go:24.61,26.2 1 0
github.com/Type-5/elematic/elements.go:29.59,31.2 1 0
github.com/Type-5/elematic/elements.go:34.59,36.2 1 0
github.com/Type-5/elematic/elements.go:39.55,41.2 1 0
github.com/Type-5/elematic/elements.go:44.37,46.2 1 0
github.com/Type-5/elematic/elements.go:49.57,51.2 1 0
github.com/Type-5/elematic/elements.go:54.57,56.2 1 0
github.com/Type-5/elematic/elements.go:59.64,61.2 1 0
github.com/Type-5/elematic/elements.go:64.58,66.2 1 1
github.com/Type-5/elematic/elements.go:69.35,71.2 1 0
github.com/Type-5/elematic/elements.go:74.60,76.2 1 0
github.com/Type-5/elematic/elements.go:79.60,81.2 1 0
github.com/Type-5/elematic/elements.go:84.61,86.2 1 0
github.com/Type-5/elematic/elements.go:89.58,91.2 1 0
github.com/Type-5/elematic/elements.go:94.58,96.2 1 0
github.com/Type-5/elematic/elements.go:99.36,101.2 1 0
github.com/Type-5/elematic/elements.go:104.62,106.2 1 0
github.com/Type-5/elematic/elements.go:109.58,111.2 1 0
github.com/Type-5/elematic/elements.go:114.62,116.2 1 0
github.com/Type-5/elematic/elements.go:119.56,121.2 1 0
github.com/Type-5/elematic/elements.go:124.57,126.2 1 0
github.com/Type-5/elematic/elements.go:129.61,131.2 1 0
github.com/Type-5/elematic/elements.go:134.57,136.2 1 0
github.com/Type-5/elematic/elements.go:139.60,141.2 1 0
github.com/Type-5/elematic/elements.go:144.57,146.2 1 1
github.com/Type-5/elematic/elements.go:149.56,151.2 1 0
github.com/Type-5/elematic/elements.go:154.56,156.2 1 0
github.com/Type-5/elematic/elements.go:159.56,161.2 1 0
github.com/Type-5/elematic/elements.go:164.38,166.2 1 0
github.com/Type-5/elematic/elements.go:169.62,171.2 1 0
github.com/Type-5/elematic/elements.go:174.64,176.2 1 0
github.com/Type-5/elematic/elements.go:179.60,181.2 1 0
github.com/Type-5/elematic/elements.go:184.60,186.2 1 0
github.com/Type-5/elematic/elements.go:189.58,191.2 1 0
github.com/Type-5/elematic/elements.go:194.56,196.2 1 1
github.com/Type-5/elematic/elements.go:199.56,201.2 1 0
github.com/Type-5/elematic/elements.go:204.56,206.2 1 0
github.com/Type-5/elematic/elements.go:209.56,211.2 1 0
github.com/Type-5/elematic/elements.go:214.56,216.2 1 0
github.com/Type-5/elematic/elements.go:219.56,221.2 1 0
github.com/Type-5/elematic/elements.go:224.58,226.2 1 1
github.com/Type-5/elematic/elements.go:229.60,231.2 1 0
github.com/Type-5/elematic/elements.go:234.60,236.2 1 0
github.com/Type-5/elematic/elements.go:239.35,241.2 1 0
github.com/Type-5/elematic/elements.go:244.58,246.2 1 1
github.com/Type-5/elematic/elements.go:249.55,251.2 1 0
github.com/Type-5/elematic/elements.go:254.60,256.2 1 0
github.com/Type-5/elematic/elements.go:259.36,261.2 1 0
github.com/Type-5/elematic/elements.go:264.38,266.2 1 0
github.com/Type-5/elematic/elements.go:269.57,271.2 1 0
github.com/Type-5/elematic/elements.go:274.57,276.2 1 0
github.com/Type-5/elematic/elements.go:279.59,281.2 1 0
github.com/Type-5/elematic/elements.go:284.60,286.2 1 0
github.com/Type-5/elematic/elements.go:289.56,291.2 1 0
github.com/Type-5/elematic/elements.go:294.37,296.2 1 0
github.com/Type-5/elematic/elements.go:299.58,301.2 1 0
github.com/Type-5/elematic/elements.go:304.59,306.2 1 0
github.com/Type-5/elematic/elements.go:309.58,311.2 1 0
github.com/Type-5/elematic/elements.go:314.37,316.2 1 0
github.com/Type-5/elematic/elements.go:319.59,321.2 1 0
github.com/Type-5/elematic/elements.go:324.57,326.2 1 0
github.com/Type-5/elematic/elements.go:329.62,331.2 1 0
github.com/Type-5/elematic/elements.go:334.60,336.2 1 0
github.com/Type-5/elematic/elements.go:339.56,341.2 1 0
github.com/Type-5/elematic/elements.go:344.62,346.2 1 0
github.com/Type-5/elematic/elements.go:349.60,351.2 1 0
github.com/Type-5/elematic/elements.go:354.60,356.2 1 0
github.com/Type-5/elematic/elements.go:359.55,361.2 1 0
github.com/Type-5/elematic/elements.go:364.38,366.2 1 0
github.com/Type-5/elematic/elements.go:369.61,371.2 1 0
github.com/Type-5/elematic/elements.go:374.57,376.2 1 0
github.com/Type-5/elematic/elements.go:379.62,381.2 1 0
github.com/Type-5/elematic/elements.go:384.55,386.2 1 0
github.com/Type-5/elematic/elements.go:389.56,391.2 1 0
github.com/Type-5/elematic/elements.go:394.56,396.2 1 0
github.com/Type-5/elematic/elements.go:399.58,401.2 1 0
github.com/Type-5/elematic/elements.go:404.55,406.2 1 0
github.com/Type-5/elematic/elements.go:409.58,411.2 1 0
github.com/Type-5/elematic/elements.go:414.60,416.2 1 0
github.com/Type-5/elematic/elements.go:419.61,421.2 1 0
github.com/Type-5/elematic/elements.go:424.60,426.2 1 0
github.com/Type-5/elematic/elements.go:429.59,431.2 1 0
github.com/Type-5/elematic/elements.go:434.39,436.2 1 0
github.com/Type-5/elematic/elements.go:439.58,441.2 1 0
github.com/Type-5/elematic/elements.go:444.60,446.2 1 0
github.com/Type-5/elematic/elements.go:449.59,451.2 1 0
github.com/Type-5/elematic/elements.go:454.57,456.2 1 0
github.com/Type-5/elematic/elements.go:459.61,461.2 1 0
github.com/Type-5/elematic/elements.go:464.57,466.2 1 0
github.com/Type-5/elematic/elements.go:469.57,471.2 1 0
github.com/Type-5/elematic/elements.go:474.59,476.2 1 0
github.com/Type-5/elematic/elements.go:479.59,481.2 1 0
github.com/Type-5/elematic/elements.go:484.56,486.2 1 0
github.com/Type-5/elematic/elements.go:489.62,491.2 1 0
github.com/Type-5/elematic/elements.go:494.62,496.2 1 0
github.com/Type-5/elematic/elements.go:499.59,501.2 1 0
github.com/Type-5/elematic/elements.go:504.56,506.2 1 0
github.com/Type-5/elematic/elements.go:509.59,511.2 1 0
github.com/Type-5/elematic/elements.go:514.58,516.2 1 0
github.com/Type-5/elematic/elements.go:519.51,521.2 1 1
github.com/Type-5/elematic/elements.go:524.56,526.2 1 0
github.com/Type-5/elematic/elements.go:529.38,531.2 1 0
github.com/Type-5/elematic/elements.go:534.55,536.2 1 0
github.com/Type-5/elematic/elements.go:539.56,541.2 1 0
github.com/Type-5/elematic/elements.go:544.57,546.2 1 0
github.com/Type-5/elematic/elements.go:549.59,551.2 1 0
github.com/Type-5/elematic/elements.go:554.36,556.2 1 0
